<?xml version="1.0" encoding="UTF-8"?>
<!-- Generated by org.testng.reporters.JUnitReportReporter -->
<testsuite hostname="DESKTOP-SO3FE79" failures="0" tests="3" name="test.TestngClass" time="48.223" errors="0" timestamp="2022-05-21T21:24:12 IST" skipped="0">
  <testcase classname="test.TestngClass" name="registrytab" time="17.217"/>
  <system-out/>
  <testcase classname="test.TestngClass" name="giftCardTab" time="17.633"/>
  <system-out/>
  <testcase classname="test.TestngClass" name="buyAgainTab" time="13.373"/>
  <system-out/>
</testsuite> <!-- test.TestngClass -->
